<?xml version="1.0" encoding="UTF-8"?>
<!-- Generated by org.testng.reporters.JUnitReportReporter -->
<testsuite ignored="0" hostname="DESKTOP-D19PJLM" failures="0" tests="1" name="gordTwoTh.CIMS2Test" time="0.007" errors="0" timestamp="08 7æœˆ 2021 10:00:34 GMT" skipped="0">
  <testcase classname="gordTwoTh.CIMS2Test" name="f" time="0.007"/>
</testsuite> <!-- gordTwoTh.CIMS2Test -->
