<?xml version="1.0" encoding="UTF-8"?>
<!-- Generated by org.testng.reporters.JUnitReportReporter -->
<testsuite ignored="0" hostname="DESKTOP-D19PJLM" failures="0" tests="1" name="gordTwoTh.CIMS2_Test" time="0.006" errors="0" timestamp="08 7æœˆ 2021 10:28:53 GMT" skipped="0">
  <testcase classname="gordTwoTh.CIMS2_Test" name="setUpTest" time="0.006"/>
</testsuite> <!-- gordTwoTh.CIMS2_Test -->
